::1 - - [04/Jul/2020:11:47:02 +0000] "GET /products HTTP/1.1" 304 - "-" "Mozilla/5.0 (Macintosh; Intel Mac OS X 10_15_3) AppleWebKit/537.36 (KHTML, like Gecko) Chrome/83.0.4103.116 Safari/537.36"
::1 - - [04/Jul/2020:11:47:02 +0000] "GET /css/main.css HTTP/1.1" 304 - "http://localhost:3000/products" "Mozilla/5.0 (Macintosh; Intel Mac OS X 10_15_3) AppleWebKit/537.36 (KHTML, like Gecko) Chrome/83.0.4103.116 Safari/537.36"
::1 - - [04/Jul/2020:11:47:02 +0000] "GET /css/product.css HTTP/1.1" 304 - "http://localhost:3000/products" "Mozilla/5.0 (Macintosh; Intel Mac OS X 10_15_3) AppleWebKit/537.36 (KHTML, like Gecko) Chrome/83.0.4103.116 Safari/537.36"
::1 - - [04/Jul/2020:16:39:35 +0000] "GET / HTTP/1.1" 200 - "-" "Mozilla/5.0 (Macintosh; Intel Mac OS X 10_15_3) AppleWebKit/605.1.15 (KHTML, like Gecko) Version/13.0.5 Safari/605.1.15"
::1 - - [04/Jul/2020:16:39:35 +0000] "GET /css/main.css HTTP/1.1" 200 - "https://localhost:3000/" "Mozilla/5.0 (Macintosh; Intel Mac OS X 10_15_3) AppleWebKit/605.1.15 (KHTML, like Gecko) Version/13.0.5 Safari/605.1.15"
::1 - - [04/Jul/2020:16:39:35 +0000] "GET /css/product.css HTTP/1.1" 200 497 "https://localhost:3000/" "Mozilla/5.0 (Macintosh; Intel Mac OS X 10_15_3) AppleWebKit/605.1.15 (KHTML, like Gecko) Version/13.0.5 Safari/605.1.15"
::1 - - [04/Jul/2020:16:39:36 +0000] "GET /favicon.ico HTTP/1.1" 404 - "https://localhost:3000/" "Mozilla/5.0 (Macintosh; Intel Mac OS X 10_15_3) AppleWebKit/605.1.15 (KHTML, like Gecko) Version/13.0.5 Safari/605.1.15"
::1 - - [04/Jul/2020:16:39:36 +0000] "GET /apple-touch-icon-precomposed.png HTTP/1.1" 404 - "-" "Safari/15608.5.11 CFNetwork/1121.1.2 Darwin/19.3.0 (x86_64)"
::1 - - [04/Jul/2020:16:39:36 +0000] "GET /apple-touch-icon.png HTTP/1.1" 404 - "-" "Safari/15608.5.11 CFNetwork/1121.1.2 Darwin/19.3.0 (x86_64)"
::1 - - [04/Jul/2020:16:39:39 +0000] "GET /products HTTP/1.1" 200 - "https://localhost:3000/" "Mozilla/5.0 (Macintosh; Intel Mac OS X 10_15_3) AppleWebKit/605.1.15 (KHTML, like Gecko) Version/13.0.5 Safari/605.1.15"
::1 - - [04/Jul/2020:16:39:39 +0000] "GET /css/main.css HTTP/1.1" 304 - "https://localhost:3000/products" "Mozilla/5.0 (Macintosh; Intel Mac OS X 10_15_3) AppleWebKit/605.1.15 (KHTML, like Gecko) Version/13.0.5 Safari/605.1.15"
::1 - - [04/Jul/2020:16:39:39 +0000] "GET /css/product.css HTTP/1.1" 304 - "https://localhost:3000/products" "Mozilla/5.0 (Macintosh; Intel Mac OS X 10_15_3) AppleWebKit/605.1.15 (KHTML, like Gecko) Version/13.0.5 Safari/605.1.15"
::1 - - [04/Jul/2020:16:39:39 +0000] "GET /favicon.ico HTTP/1.1" 404 - "https://localhost:3000/products" "Mozilla/5.0 (Macintosh; Intel Mac OS X 10_15_3) AppleWebKit/605.1.15 (KHTML, like Gecko) Version/13.0.5 Safari/605.1.15"
::1 - - [04/Jul/2020:16:39:42 +0000] "GET / HTTP/1.1" 304 - "https://localhost:3000/products" "Mozilla/5.0 (Macintosh; Intel Mac OS X 10_15_3) AppleWebKit/605.1.15 (KHTML, like Gecko) Version/13.0.5 Safari/605.1.15"
::1 - - [04/Jul/2020:16:39:42 +0000] "GET /css/main.css HTTP/1.1" 304 - "https://localhost:3000/" "Mozilla/5.0 (Macintosh; Intel Mac OS X 10_15_3) AppleWebKit/605.1.15 (KHTML, like Gecko) Version/13.0.5 Safari/605.1.15"
::1 - - [04/Jul/2020:16:39:42 +0000] "GET /css/product.css HTTP/1.1" 304 - "https://localhost:3000/" "Mozilla/5.0 (Macintosh; Intel Mac OS X 10_15_3) AppleWebKit/605.1.15 (KHTML, like Gecko) Version/13.0.5 Safari/605.1.15"
::1 - - [04/Jul/2020:16:39:44 +0000] "GET /login HTTP/1.1" 500 - "https://localhost:3000/" "Mozilla/5.0 (Macintosh; Intel Mac OS X 10_15_3) AppleWebKit/605.1.15 (KHTML, like Gecko) Version/13.0.5 Safari/605.1.15"
::1 - - [04/Jul/2020:16:39:45 +0000] "GET /login HTTP/1.1" 500 - "https://localhost:3000/" "Mozilla/5.0 (Macintosh; Intel Mac OS X 10_15_3) AppleWebKit/605.1.15 (KHTML, like Gecko) Version/13.0.5 Safari/605.1.15"
::1 - - [04/Jul/2020:16:39:45 +0000] "GET /login HTTP/1.1" 500 - "https://localhost:3000/" "Mozilla/5.0 (Macintosh; Intel Mac OS X 10_15_3) AppleWebKit/605.1.15 (KHTML, like Gecko) Version/13.0.5 Safari/605.1.15"
::1 - - [04/Jul/2020:16:39:45 +0000] "GET /login HTTP/1.1" 500 - "https://localhost:3000/" "Mozilla/5.0 (Macintosh; Intel Mac OS X 10_15_3) AppleWebKit/605.1.15 (KHTML, like Gecko) Version/13.0.5 Safari/605.1.15"
::1 - - [04/Jul/2020:16:39:45 +0000] "GET /login HTTP/1.1" 500 - "https://localhost:3000/" "Mozilla/5.0 (Macintosh; Intel Mac OS X 10_15_3) AppleWebKit/605.1.15 (KHTML, like Gecko) Version/13.0.5 Safari/605.1.15"
::1 - - [04/Jul/2020:16:39:52 +0000] "GET /signup HTTP/1.1" 500 - "https://localhost:3000/" "Mozilla/5.0 (Macintosh; Intel Mac OS X 10_15_3) AppleWebKit/605.1.15 (KHTML, like Gecko) Version/13.0.5 Safari/605.1.15"
::1 - - [04/Jul/2020:16:39:52 +0000] "GET /signup HTTP/1.1" 500 - "https://localhost:3000/" "Mozilla/5.0 (Macintosh; Intel Mac OS X 10_15_3) AppleWebKit/605.1.15 (KHTML, like Gecko) Version/13.0.5 Safari/605.1.15"
::1 - - [04/Jul/2020:16:39:52 +0000] "GET /signup HTTP/1.1" 500 - "https://localhost:3000/" "Mozilla/5.0 (Macintosh; Intel Mac OS X 10_15_3) AppleWebKit/605.1.15 (KHTML, like Gecko) Version/13.0.5 Safari/605.1.15"
::1 - - [04/Jul/2020:16:39:56 +0000] "GET /products HTTP/1.1" 304 - "https://localhost:3000/" "Mozilla/5.0 (Macintosh; Intel Mac OS X 10_15_3) AppleWebKit/605.1.15 (KHTML, like Gecko) Version/13.0.5 Safari/605.1.15"
::1 - - [04/Jul/2020:16:39:56 +0000] "GET /css/main.css HTTP/1.1" 304 - "https://localhost:3000/products" "Mozilla/5.0 (Macintosh; Intel Mac OS X 10_15_3) AppleWebKit/605.1.15 (KHTML, like Gecko) Version/13.0.5 Safari/605.1.15"
::1 - - [04/Jul/2020:16:39:56 +0000] "GET /css/product.css HTTP/1.1" 304 - "https://localhost:3000/products" "Mozilla/5.0 (Macintosh; Intel Mac OS X 10_15_3) AppleWebKit/605.1.15 (KHTML, like Gecko) Version/13.0.5 Safari/605.1.15"
::1 - - [04/Jul/2020:16:40:55 +0000] "GET /login HTTP/1.1" 500 - "https://localhost:3000/products" "Mozilla/5.0 (Macintosh; Intel Mac OS X 10_15_3) AppleWebKit/605.1.15 (KHTML, like Gecko) Version/13.0.5 Safari/605.1.15"
::1 - - [04/Jul/2020:16:40:55 +0000] "GET /login HTTP/1.1" 500 - "https://localhost:3000/products" "Mozilla/5.0 (Macintosh; Intel Mac OS X 10_15_3) AppleWebKit/605.1.15 (KHTML, like Gecko) Version/13.0.5 Safari/605.1.15"
::1 - - [04/Jul/2020:16:40:55 +0000] "GET /login HTTP/1.1" 500 - "https://localhost:3000/products" "Mozilla/5.0 (Macintosh; Intel Mac OS X 10_15_3) AppleWebKit/605.1.15 (KHTML, like Gecko) Version/13.0.5 Safari/605.1.15"
::1 - - [04/Jul/2020:16:41:10 +0000] "GET /login HTTP/1.1" 500 - "https://localhost:3000/products" "Mozilla/5.0 (Macintosh; Intel Mac OS X 10_15_3) AppleWebKit/605.1.15 (KHTML, like Gecko) Version/13.0.5 Safari/605.1.15"
::1 - - [04/Jul/2020:16:41:11 +0000] "GET /login HTTP/1.1" 500 - "https://localhost:3000/products" "Mozilla/5.0 (Macintosh; Intel Mac OS X 10_15_3) AppleWebKit/605.1.15 (KHTML, like Gecko) Version/13.0.5 Safari/605.1.15"
::1 - - [04/Jul/2020:16:41:11 +0000] "GET /login HTTP/1.1" 500 - "https://localhost:3000/products" "Mozilla/5.0 (Macintosh; Intel Mac OS X 10_15_3) AppleWebKit/605.1.15 (KHTML, like Gecko) Version/13.0.5 Safari/605.1.15"
::1 - - [04/Jul/2020:16:41:37 +0000] "GET /login HTTP/1.1" 500 - "https://localhost:3000/products" "Mozilla/5.0 (Macintosh; Intel Mac OS X 10_15_3) AppleWebKit/605.1.15 (KHTML, like Gecko) Version/13.0.5 Safari/605.1.15"
::1 - - [04/Jul/2020:16:41:37 +0000] "GET /login HTTP/1.1" 500 - "https://localhost:3000/products" "Mozilla/5.0 (Macintosh; Intel Mac OS X 10_15_3) AppleWebKit/605.1.15 (KHTML, like Gecko) Version/13.0.5 Safari/605.1.15"
::1 - - [04/Jul/2020:16:41:37 +0000] "GET /login HTTP/1.1" 500 - "https://localhost:3000/products" "Mozilla/5.0 (Macintosh; Intel Mac OS X 10_15_3) AppleWebKit/605.1.15 (KHTML, like Gecko) Version/13.0.5 Safari/605.1.15"
::1 - - [04/Jul/2020:16:42:59 +0000] "GET /login HTTP/1.1" 200 - "https://localhost:3000/products" "Mozilla/5.0 (Macintosh; Intel Mac OS X 10_15_3) AppleWebKit/605.1.15 (KHTML, like Gecko) Version/13.0.5 Safari/605.1.15"
::1 - - [04/Jul/2020:16:42:59 +0000] "GET /login HTTP/1.1" 200 - "https://localhost:3000/products" "Mozilla/5.0 (Macintosh; Intel Mac OS X 10_15_3) AppleWebKit/605.1.15 (KHTML, like Gecko) Version/13.0.5 Safari/605.1.15"
::1 - - [04/Jul/2020:16:42:59 +0000] "GET /login HTTP/1.1" 200 - "https://localhost:3000/products" "Mozilla/5.0 (Macintosh; Intel Mac OS X 10_15_3) AppleWebKit/605.1.15 (KHTML, like Gecko) Version/13.0.5 Safari/605.1.15"
::1 - - [04/Jul/2020:16:45:58 +0000] "GET /login HTTP/1.1" 200 - "https://localhost:3000/products" "Mozilla/5.0 (Macintosh; Intel Mac OS X 10_15_3) AppleWebKit/605.1.15 (KHTML, like Gecko) Version/13.0.5 Safari/605.1.15"
::1 - - [04/Jul/2020:16:45:58 +0000] "GET /css/forms.css HTTP/1.1" 200 570 "https://localhost:3000/login" "Mozilla/5.0 (Macintosh; Intel Mac OS X 10_15_3) AppleWebKit/605.1.15 (KHTML, like Gecko) Version/13.0.5 Safari/605.1.15"
::1 - - [04/Jul/2020:16:45:58 +0000] "GET /css/main.css HTTP/1.1" 304 - "https://localhost:3000/login" "Mozilla/5.0 (Macintosh; Intel Mac OS X 10_15_3) AppleWebKit/605.1.15 (KHTML, like Gecko) Version/13.0.5 Safari/605.1.15"
::1 - - [04/Jul/2020:16:45:58 +0000] "GET /css/auth.css HTTP/1.1" 200 122 "https://localhost:3000/login" "Mozilla/5.0 (Macintosh; Intel Mac OS X 10_15_3) AppleWebKit/605.1.15 (KHTML, like Gecko) Version/13.0.5 Safari/605.1.15"
::1 - - [04/Jul/2020:16:45:58 +0000] "GET /favicon.ico HTTP/1.1" 404 - "https://localhost:3000/login" "Mozilla/5.0 (Macintosh; Intel Mac OS X 10_15_3) AppleWebKit/605.1.15 (KHTML, like Gecko) Version/13.0.5 Safari/605.1.15"
::1 - - [04/Jul/2020:16:47:17 +0000] "GET /signup HTTP/1.1" 200 - "https://localhost:3000/login" "Mozilla/5.0 (Macintosh; Intel Mac OS X 10_15_3) AppleWebKit/605.1.15 (KHTML, like Gecko) Version/13.0.5 Safari/605.1.15"
::1 - - [04/Jul/2020:16:47:17 +0000] "GET /css/auth.css HTTP/1.1" 304 - "https://localhost:3000/signup" "Mozilla/5.0 (Macintosh; Intel Mac OS X 10_15_3) AppleWebKit/605.1.15 (KHTML, like Gecko) Version/13.0.5 Safari/605.1.15"
::1 - - [04/Jul/2020:16:47:17 +0000] "GET /css/main.css HTTP/1.1" 304 - "https://localhost:3000/signup" "Mozilla/5.0 (Macintosh; Intel Mac OS X 10_15_3) AppleWebKit/605.1.15 (KHTML, like Gecko) Version/13.0.5 Safari/605.1.15"
::1 - - [04/Jul/2020:16:47:17 +0000] "GET /css/forms.css HTTP/1.1" 304 - "https://localhost:3000/signup" "Mozilla/5.0 (Macintosh; Intel Mac OS X 10_15_3) AppleWebKit/605.1.15 (KHTML, like Gecko) Version/13.0.5 Safari/605.1.15"
::1 - - [04/Jul/2020:16:47:18 +0000] "GET /favicon.ico HTTP/1.1" 404 - "https://localhost:3000/signup" "Mozilla/5.0 (Macintosh; Intel Mac OS X 10_15_3) AppleWebKit/605.1.15 (KHTML, like Gecko) Version/13.0.5 Safari/605.1.15"
::1 - - [04/Jul/2020:16:47:20 +0000] "GET /login HTTP/1.1" 200 - "https://localhost:3000/signup" "Mozilla/5.0 (Macintosh; Intel Mac OS X 10_15_3) AppleWebKit/605.1.15 (KHTML, like Gecko) Version/13.0.5 Safari/605.1.15"
::1 - - [04/Jul/2020:16:47:20 +0000] "GET /css/main.css HTTP/1.1" 304 - "https://localhost:3000/login" "Mozilla/5.0 (Macintosh; Intel Mac OS X 10_15_3) AppleWebKit/605.1.15 (KHTML, like Gecko) Version/13.0.5 Safari/605.1.15"
::1 - - [04/Jul/2020:16:47:20 +0000] "GET /css/forms.css HTTP/1.1" 304 - "https://localhost:3000/login" "Mozilla/5.0 (Macintosh; Intel Mac OS X 10_15_3) AppleWebKit/605.1.15 (KHTML, like Gecko) Version/13.0.5 Safari/605.1.15"
::1 - - [04/Jul/2020:16:47:20 +0000] "GET /css/auth.css HTTP/1.1" 304 - "https://localhost:3000/login" "Mozilla/5.0 (Macintosh; Intel Mac OS X 10_15_3) AppleWebKit/605.1.15 (KHTML, like Gecko) Version/13.0.5 Safari/605.1.15"
::1 - - [04/Jul/2020:17:05:06 +0000] "GET / HTTP/1.1" 200 - "-" "Mozilla/5.0 (Macintosh; Intel Mac OS X 10_15_3) AppleWebKit/537.36 (KHTML, like Gecko) Chrome/83.0.4103.116 Safari/537.36"
::1 - - [04/Jul/2020:17:05:06 +0000] "GET /css/main.css HTTP/1.1" 304 - "http://localhost:3000/" "Mozilla/5.0 (Macintosh; Intel Mac OS X 10_15_3) AppleWebKit/537.36 (KHTML, like Gecko) Chrome/83.0.4103.116 Safari/537.36"
::1 - - [04/Jul/2020:17:05:06 +0000] "GET /css/product.css HTTP/1.1" 304 - "http://localhost:3000/" "Mozilla/5.0 (Macintosh; Intel Mac OS X 10_15_3) AppleWebKit/537.36 (KHTML, like Gecko) Chrome/83.0.4103.116 Safari/537.36"
